<?xml version="1.0" encoding="UTF-8"?>
<testng-results skipped="0" failed="0" ignored="0" total="1" passed="1">
  <reporter-output>
  </reporter-output>
  <suite name="Suite" duration-ms="39444" started-at="2019-09-24T15:58:47 IST" finished-at="2019-09-24T15:59:27 IST">
    <groups>
    </groups>
    <test name="Test" duration-ms="39444" started-at="2019-09-24T15:58:47 IST" finished-at="2019-09-24T15:59:27 IST">
      <class name="webdriver.Login">
        <test-method status="PASS" signature="m()[pri:0, instance:webdriver.Login@2b2948e2]" name="m" duration-ms="39287" started-at="2019-09-24T15:58:47 IST" finished-at="2019-09-24T15:59:27 IST">
          <reporter-output>
          </reporter-output>
        </test-method> <!-- m -->
      </class> <!-- webdriver.Login -->
    </test> <!-- Test -->
  </suite> <!-- Suite -->
</testng-results>
